Log file opened on Sat Mar 31 03:10:47 2018
Host: cadenza.local  pid: 85790  rank ID: 0  number of ranks:  1
                       :-) GROMACS - gmx mdrun, 2018 (-:

                            GROMACS is written by:
     Emile Apol      Rossen Apostolov  Herman J.C. Berendsen    Par Bjelkmar   
 Aldert van Buuren   Rudi van Drunen     Anton Feenstra    Gerrit Groenhof  
 Christoph Junghans   Anca Hamuraru    Vincent Hindriksen Dimitrios Karkoulis
    Peter Kasson        Jiri Kraus      Carsten Kutzner      Per Larsson    
  Justin A. Lemkul    Viveca Lindahl    Magnus Lundborg   Pieter Meulenhoff 
   Erik Marklund      Teemu Murtola       Szilard Pall       Sander Pronk   
   Roland Schulz     Alexey Shvetsov     Michael Shirts     Alfons Sijbers  
   Peter Tieleman    Teemu Virolainen  Christian Wennberg    Maarten Wolf   
                           and the project leaders:
        Mark Abraham, Berk Hess, Erik Lindahl, and David van der Spoel

Copyright (c) 1991-2000, University of Groningen, The Netherlands.
Copyright (c) 2001-2017, The GROMACS development team at
Uppsala University, Stockholm University and
the Royal Institute of Technology, Sweden.
check out http://www.gromacs.org for more information.

GROMACS is free software; you can redistribute it and/or modify it
under the terms of the GNU Lesser General Public License
as published by the Free Software Foundation; either version 2.1
of the License, or (at your option) any later version.

GROMACS:      gmx mdrun, version 2018
Executable:   /Users/YoshitakaM/apps/gmx2018/bin/gmx
Data prefix:  /Users/YoshitakaM/apps/gmx2018
Working dir:  /Users/YoshitakaM/Desktop/1LKE/gromacs/minimize
Command line:
  gmx mdrun -v -s min2.tpr -o min2.trr -c min2.gro -e min2.edr -g min2.log

GROMACS version:    2018
Precision:          single
Memory model:       64 bit
MPI library:        thread_mpi
OpenMP support:     enabled (GMX_OPENMP_MAX_THREADS = 64)
GPU support:        disabled
SIMD instructions:  AVX2_256
FFT library:        fftw-3.3.7-sse2
RDTSCP usage:       enabled
TNG support:        enabled
Hwloc support:      disabled
Tracing support:    disabled
Built on:           2018-03-20 16:52:23
Built by:           YoshitakaM@cadenza.local [CMAKE]
Build OS/arch:      Darwin 16.7.0 x86_64
Build CPU vendor:   Intel
Build CPU brand:    Intel(R) Core(TM) i5-6267U CPU @ 2.90GHz
Build CPU family:   6   Model: 78   Stepping: 3
Build CPU features: aes apic avx avx2 clfsh cmov cx8 cx16 f16c fma htt intel lahf mmx msr nonstop_tsc pcid pclmuldq pdcm pdpe1gb popcnt pse rdrnd rdtscp sse2 sse3 sse4.1 sse4.2 ssse3 tdt x2apic
C compiler:         /usr/local/bin/gcc GNU 5.5.0
C compiler flags:   -Wa,-q  -march=core-avx2     -O3 -DNDEBUG -funroll-all-loops -fexcess-precision=fast  
C++ compiler:       /usr/local/bin/g++ GNU 5.5.0
C++ compiler flags: -Wa,-q  -march=core-avx2    -std=c++11   -O3 -DNDEBUG -funroll-all-loops -fexcess-precision=fast  


Running on 1 node with total 4 cores, 4 logical cores
Hardware detected:
  CPU info:
    Vendor: Intel
    Brand:  Intel(R) Core(TM) i5-6267U CPU @ 2.90GHz
    Family: 6   Model: 78   Stepping: 3
    Features: aes apic avx avx2 clfsh cmov cx8 cx16 f16c fma htt intel lahf mmx msr nonstop_tsc pcid pclmuldq pdcm pdpe1gb popcnt pse rdrnd rdtscp sse2 sse3 sse4.1 sse4.2 ssse3 tdt x2apic
  Hardware topology: Only logical processor count


++++ PLEASE READ AND CITE THE FOLLOWING REFERENCE ++++
M. J. Abraham, T. Murtola, R. Schulz, S. Páll, J. C. Smith, B. Hess, E.
Lindahl
GROMACS: High performance molecular simulations through multi-level
parallelism from laptops to supercomputers
SoftwareX 1 (2015) pp. 19-25
-------- -------- --- Thank You --- -------- --------


++++ PLEASE READ AND CITE THE FOLLOWING REFERENCE ++++
S. Páll, M. J. Abraham, C. Kutzner, B. Hess, E. Lindahl
Tackling Exascale Software Challenges in Molecular Dynamics Simulations with
GROMACS
In S. Markidis & E. Laure (Eds.), Solving Software Challenges for Exascale 8759 (2015) pp. 3-27
-------- -------- --- Thank You --- -------- --------


++++ PLEASE READ AND CITE THE FOLLOWING REFERENCE ++++
S. Pronk, S. Páll, R. Schulz, P. Larsson, P. Bjelkmar, R. Apostolov, M. R.
Shirts, J. C. Smith, P. M. Kasson, D. van der Spoel, B. Hess, and E. Lindahl
GROMACS 4.5: a high-throughput and highly parallel open source molecular
simulation toolkit
Bioinformatics 29 (2013) pp. 845-54
-------- -------- --- Thank You --- -------- --------


++++ PLEASE READ AND CITE THE FOLLOWING REFERENCE ++++
B. Hess and C. Kutzner and D. van der Spoel and E. Lindahl
GROMACS 4: Algorithms for highly efficient, load-balanced, and scalable
molecular simulation
J. Chem. Theory Comput. 4 (2008) pp. 435-447
-------- -------- --- Thank You --- -------- --------


++++ PLEASE READ AND CITE THE FOLLOWING REFERENCE ++++
D. van der Spoel, E. Lindahl, B. Hess, G. Groenhof, A. E. Mark and H. J. C.
Berendsen
GROMACS: Fast, Flexible and Free
J. Comp. Chem. 26 (2005) pp. 1701-1719
-------- -------- --- Thank You --- -------- --------


++++ PLEASE READ AND CITE THE FOLLOWING REFERENCE ++++
E. Lindahl and B. Hess and D. van der Spoel
GROMACS 3.0: A package for molecular simulation and trajectory analysis
J. Mol. Mod. 7 (2001) pp. 306-317
-------- -------- --- Thank You --- -------- --------


++++ PLEASE READ AND CITE THE FOLLOWING REFERENCE ++++
H. J. C. Berendsen, D. van der Spoel and R. van Drunen
GROMACS: A message-passing parallel molecular dynamics implementation
Comp. Phys. Comm. 91 (1995) pp. 43-56
-------- -------- --- Thank You --- -------- --------

Input Parameters:
   integrator                     = steep
   tinit                          = 0
   dt                             = 0.001
   nsteps                         = 200
   init-step                      = 0
   simulation-part                = 1
   comm-mode                      = Linear
   nstcomm                        = 100
   bd-fric                        = 0
   ld-seed                        = 2001290093
   emtol                          = 10
   emstep                         = 0.01
   niter                          = 20
   fcstep                         = 0
   nstcgsteep                     = 1000
   nbfgscorr                      = 10
   rtpi                           = 0.05
   nstxout                        = 0
   nstvout                        = 0
   nstfout                        = 0
   nstlog                         = 1
   nstcalcenergy                  = 100
   nstenergy                      = 1000
   nstxout-compressed             = 0
   compressed-x-precision         = 1000
   cutoff-scheme                  = Verlet
   nstlist                        = 100
   ns-type                        = Grid
   pbc                            = xyz
   periodic-molecules             = false
   verlet-buffer-tolerance        = 0.005
   rlist                          = 1.05
   coulombtype                    = PME
   coulomb-modifier               = Potential-shift
   rcoulomb-switch                = 0
   rcoulomb                       = 1
   epsilon-r                      = 1
   epsilon-rf                     = inf
   vdw-type                       = Cut-off
   vdw-modifier                   = Potential-shift
   rvdw-switch                    = 0
   rvdw                           = 1
   DispCorr                       = No
   table-extension                = 1
   fourierspacing                 = 0.12
   fourier-nx                     = 60
   fourier-ny                     = 64
   fourier-nz                     = 60
   pme-order                      = 4
   ewald-rtol                     = 1e-05
   ewald-rtol-lj                  = 0.001
   lj-pme-comb-rule               = Geometric
   ewald-geometry                 = 0
   epsilon-surface                = 0
   implicit-solvent               = No
   gb-algorithm                   = Still
   nstgbradii                     = 1
   rgbradii                       = 1
   gb-epsilon-solvent             = 80
   gb-saltconc                    = 0
   gb-obc-alpha                   = 1
   gb-obc-beta                    = 0.8
   gb-obc-gamma                   = 4.85
   gb-dielectric-offset           = 0.009
   sa-algorithm                   = Ace-approximation
   sa-surface-tension             = 2.05016
   tcoupl                         = No
   nsttcouple                     = -1
   nh-chain-length                = 0
   print-nose-hoover-chain-variables = false
   pcoupl                         = No
   pcoupltype                     = Isotropic
   nstpcouple                     = -1
   tau-p                          = 1
   compressibility (3x3):
      compressibility[    0]={ 0.00000e+00,  0.00000e+00,  0.00000e+00}
      compressibility[    1]={ 0.00000e+00,  0.00000e+00,  0.00000e+00}
      compressibility[    2]={ 0.00000e+00,  0.00000e+00,  0.00000e+00}
   ref-p (3x3):
      ref-p[    0]={ 0.00000e+00,  0.00000e+00,  0.00000e+00}
      ref-p[    1]={ 0.00000e+00,  0.00000e+00,  0.00000e+00}
      ref-p[    2]={ 0.00000e+00,  0.00000e+00,  0.00000e+00}
   refcoord-scaling               = No
   posres-com (3):
      posres-com[0]= 0.00000e+00
      posres-com[1]= 0.00000e+00
      posres-com[2]= 0.00000e+00
   posres-comB (3):
      posres-comB[0]= 0.00000e+00
      posres-comB[1]= 0.00000e+00
      posres-comB[2]= 0.00000e+00
   QMMM                           = false
   QMconstraints                  = 0
   QMMMscheme                     = 0
   MMChargeScaleFactor            = 1
qm-opts:
   ngQM                           = 0
   constraint-algorithm           = Lincs
   continuation                   = false
   Shake-SOR                      = false
   shake-tol                      = 0.0001
   lincs-order                    = 4
   lincs-iter                     = 1
   lincs-warnangle                = 30
   nwall                          = 0
   wall-type                      = 9-3
   wall-r-linpot                  = -1
   wall-atomtype[0]               = -1
   wall-atomtype[1]               = -1
   wall-density[0]                = 0
   wall-density[1]                = 0
   wall-ewald-zfac                = 3
   pull                           = false
   awh                            = false
   rotation                       = false
   interactiveMD                  = false
   disre                          = No
   disre-weighting                = Conservative
   disre-mixed                    = false
   dr-fc                          = 1000
   dr-tau                         = 0
   nstdisreout                    = 100
   orire-fc                       = 0
   orire-tau                      = 0
   nstorireout                    = 100
   free-energy                    = no
   cos-acceleration               = 0
   deform (3x3):
      deform[    0]={ 0.00000e+00,  0.00000e+00,  0.00000e+00}
      deform[    1]={ 0.00000e+00,  0.00000e+00,  0.00000e+00}
      deform[    2]={ 0.00000e+00,  0.00000e+00,  0.00000e+00}
   simulated-tempering            = false
   swapcoords                     = no
   userint1                       = 0
   userint2                       = 0
   userint3                       = 0
   userint4                       = 0
   userreal1                      = 0
   userreal2                      = 0
   userreal3                      = 0
   userreal4                      = 0
   applied-forces:
     electric-field:
       x:
         E0                       = 0
         omega                    = 0
         t0                       = 0
         sigma                    = 0
       y:
         E0                       = 0
         omega                    = 0
         t0                       = 0
         sigma                    = 0
       z:
         E0                       = 0
         omega                    = 0
         t0                       = 0
         sigma                    = 0
grpopts:
   nrdf:       59268
   ref-t:           0
   tau-t:           0
annealing:          No
annealing-npoints:           0
   acc:	           0           0           0
   nfreeze:           N           N           N
   energygrp-flags[  0]: 0

Using 1 MPI thread
Using 4 OpenMP threads 

System total charge: -0.000
Will do PME sum in reciprocal space for electrostatic interactions.

++++ PLEASE READ AND CITE THE FOLLOWING REFERENCE ++++
U. Essmann, L. Perera, M. L. Berkowitz, T. Darden, H. Lee and L. G. Pedersen 
A smooth particle mesh Ewald method
J. Chem. Phys. 103 (1995) pp. 8577-8592
-------- -------- --- Thank You --- -------- --------

Using a Gaussian width (1/beta) of 0.320163 nm for Ewald
Potential shift: LJ r^-12: -1.000e+00 r^-6: -1.000e+00, Ewald -1.000e-05
Initialized non-bonded Ewald correction tables, spacing: 9.33e-04 size: 1073

Generated table with 1025 data points for 1-4 COUL.
Tabscale = 500 points/nm
Generated table with 1025 data points for 1-4 LJ6.
Tabscale = 500 points/nm
Generated table with 1025 data points for 1-4 LJ12.
Tabscale = 500 points/nm

Using SIMD 4x8 nonbonded short-range kernels

Using a 4x8 pair-list setup:
  updated every 100 steps, buffer 0.050 nm, rlist 1.050 nm

Using Lorentz-Berthelot Lennard-Jones combination rule

Removing pbc first time

++++ PLEASE READ AND CITE THE FOLLOWING REFERENCE ++++
S. Miyamoto and P. A. Kollman
SETTLE: An Analytical Version of the SHAKE and RATTLE Algorithms for Rigid
Water Models
J. Comp. Chem. 13 (1992) pp. 952-962
-------- -------- --- Thank You --- -------- --------

Initiating Steepest Descents
Started Steepest Descents on rank 0 Sat Mar 31 03:10:48 2018

Steepest Descents:
   Tolerance (Fmax)   =  1.00000e+01
   Number of steps    =          200
           Step           Time
              0        0.00000

   Energies (kJ/mol)
           Bond          Angle    Proper Dih.  Improper Dih.          LJ-14
    5.39566e+02    1.71097e+03    8.30117e+03    1.06100e+02    2.65951e+03
     Coulomb-14        LJ (SR)   Coulomb (SR)   Coul. recip.      Potential
    4.02650e+04    3.69665e+04   -4.77659e+05    5.21208e+03   -3.81898e+05
 Pressure (bar)
   -1.63729e+04

           Step           Time
              1        1.00000

   Energies (kJ/mol)
           Bond          Angle    Proper Dih.  Improper Dih.          LJ-14
    3.00536e+02    1.67855e+03    8.30043e+03    1.05803e+02    2.65661e+03
     Coulomb-14        LJ (SR)   Coulomb (SR)   Coul. recip.      Potential
    4.02646e+04    3.69709e+04   -4.77688e+05    5.21413e+03   -3.82197e+05
 Pressure (bar)
   -1.63745e+04

           Step           Time
              2        2.00000

   Energies (kJ/mol)
           Bond          Angle    Proper Dih.  Improper Dih.          LJ-14
    4.09807e+02    1.68351e+03    8.29922e+03    1.05549e+02    2.64413e+03
     Coulomb-14        LJ (SR)   Coulomb (SR)   Coul. recip.      Potential
    4.02570e+04    3.70181e+04   -4.77877e+05    5.21194e+03   -3.82248e+05
 Pressure (bar)
   -1.63826e+04

           Step           Time
              3        3.00000

   Energies (kJ/mol)
           Bond          Angle    Proper Dih.  Improper Dih.          LJ-14
    3.10755e+02    1.67375e+03    8.30004e+03    1.05620e+02    2.64153e+03
     Coulomb-14        LJ (SR)   Coulomb (SR)   Coul. recip.      Potential
    4.02517e+04    3.70442e+04   -4.77960e+05    5.20251e+03   -3.82430e+05
 Pressure (bar)
   -1.63855e+04

           Step           Time
              4        4.00000

           Step           Time
              5        5.00000

   Energies (kJ/mol)
           Bond          Angle    Proper Dih.  Improper Dih.          LJ-14
    2.88829e+02    1.67101e+03    8.30023e+03    1.05804e+02    2.63902e+03
     Coulomb-14        LJ (SR)   Coulomb (SR)   Coul. recip.      Potential
    4.02494e+04    3.70620e+04   -4.78033e+05    5.20222e+03   -3.82514e+05
 Pressure (bar)
   -1.63888e+04

           Step           Time
              6        6.00000

   Energies (kJ/mol)
           Bond          Angle    Proper Dih.  Improper Dih.          LJ-14
    3.33519e+02    1.67792e+03    8.30066e+03    1.06221e+02    2.63434e+03
     Coulomb-14        LJ (SR)   Coulomb (SR)   Coul. recip.      Potential
    4.02426e+04    3.71029e+04   -4.78170e+05    5.19315e+03   -3.82579e+05
 Pressure (bar)
   -1.63942e+04

           Step           Time
              7        7.00000

   Energies (kJ/mol)
           Bond          Angle    Proper Dih.  Improper Dih.          LJ-14
    3.14543e+02    1.67589e+03    8.30095e+03    1.06442e+02    2.63171e+03
     Coulomb-14        LJ (SR)   Coulomb (SR)   Coul. recip.      Potential
    4.02409e+04    3.71212e+04   -4.78250e+05    5.19369e+03   -3.82665e+05
 Pressure (bar)
   -1.63978e+04

           Step           Time
              8        8.00000

   Energies (kJ/mol)
           Bond          Angle    Proper Dih.  Improper Dih.          LJ-14
    3.80118e+02    1.68478e+03    8.30116e+03    1.06784e+02    2.62800e+03
     Coulomb-14        LJ (SR)   Coulomb (SR)   Coul. recip.      Potential
    4.02347e+04    3.71600e+04   -4.78372e+05    5.18402e+03   -3.82693e+05
 Pressure (bar)
   -1.64025e+04

           Step           Time
              9        9.00000

   Energies (kJ/mol)
           Bond          Angle    Proper Dih.  Improper Dih.          LJ-14
    3.70226e+02    1.68353e+03    8.30156e+03    1.06959e+02    2.62548e+03
     Coulomb-14        LJ (SR)   Coulomb (SR)   Coul. recip.      Potential
    4.02339e+04    3.71775e+04   -4.78455e+05    5.18611e+03   -3.82770e+05
 Pressure (bar)
   -1.64063e+04

           Step           Time
             10       10.00000

           Step           Time
             11       11.00000

   Energies (kJ/mol)
           Bond          Angle    Proper Dih.  Improper Dih.          LJ-14
    2.82269e+02    1.67666e+03    8.30154e+03    1.07087e+02    2.62382e+03
     Coulomb-14        LJ (SR)   Coulomb (SR)   Coul. recip.      Potential
    4.02306e+04    3.71968e+04   -4.78512e+05    5.18011e+03   -3.82914e+05
 Pressure (bar)
   -1.64085e+04

           Step           Time
             12       12.00000

   Energies (kJ/mol)
           Bond          Angle    Proper Dih.  Improper Dih.          LJ-14
    4.31036e+02    1.69277e+03    8.30250e+03    1.07704e+02    2.61519e+03
     Coulomb-14        LJ (SR)   Coulomb (SR)   Coul. recip.      Potential
    4.02218e+04    3.72810e+04   -4.78825e+05    5.17095e+03   -3.83002e+05
 Pressure (bar)
   -1.64216e+04

           Step           Time
             13       13.00000

   Energies (kJ/mol)
           Bond          Angle    Proper Dih.  Improper Dih.          LJ-14
    3.02018e+02    1.68305e+03    8.30229e+03    1.07794e+02    2.61354e+03
     Coulomb-14        LJ (SR)   Coulomb (SR)   Coul. recip.      Potential
    4.02178e+04    3.73044e+04   -4.78889e+05    5.16346e+03   -3.83194e+05
 Pressure (bar)
   -1.64241e+04

           Step           Time
             14       14.00000

           Step           Time
             15       15.00000

   Energies (kJ/mol)
           Bond          Angle    Proper Dih.  Improper Dih.          LJ-14
    3.11643e+02    1.68419e+03    8.30260e+03    1.07882e+02    2.61117e+03
     Coulomb-14        LJ (SR)   Coulomb (SR)   Coul. recip.      Potential
    4.02162e+04    3.73284e+04   -4.78984e+05    5.16224e+03   -3.83260e+05
 Pressure (bar)
   -1.64282e+04

           Step           Time
             16       16.00000

   Energies (kJ/mol)
           Bond          Angle    Proper Dih.  Improper Dih.          LJ-14
    3.24547e+02    1.68716e+03    8.30247e+03    1.07991e+02    2.60891e+03
     Coulomb-14        LJ (SR)   Coulomb (SR)   Coul. recip.      Potential
    4.02118e+04    3.73600e+04   -4.79080e+05    5.15493e+03   -3.83323e+05
 Pressure (bar)
   -1.64320e+04

           Step           Time
             17       17.00000

   Energies (kJ/mol)
           Bond          Angle    Proper Dih.  Improper Dih.          LJ-14
    3.48604e+02    1.68928e+03    8.30284e+03    1.08044e+02    2.60662e+03
     Coulomb-14        LJ (SR)   Coulomb (SR)   Coul. recip.      Potential
    4.02109e+04    3.73827e+04   -4.79176e+05    5.15509e+03   -3.83372e+05
 Pressure (bar)
   -1.64362e+04

           Step           Time
             18       18.00000

   Energies (kJ/mol)
           Bond          Angle    Proper Dih.  Improper Dih.          LJ-14
    3.70638e+02    1.69345e+03    8.30258e+03    1.08139e+02    2.60450e+03
     Coulomb-14        LJ (SR)   Coulomb (SR)   Coul. recip.      Potential
    4.02060e+04    3.74162e+04   -4.79272e+05    5.14643e+03   -3.83424e+05
 Pressure (bar)
   -1.64400e+04

           Step           Time
             19       19.00000

   Energies (kJ/mol)
           Bond          Angle    Proper Dih.  Improper Dih.          LJ-14
    4.23795e+02    1.69788e+03    8.30303e+03    1.08156e+02    2.60231e+03
     Coulomb-14        LJ (SR)   Coulomb (SR)   Coul. recip.      Potential
    4.02059e+04    3.74364e+04   -4.79366e+05    5.14864e+03   -3.83439e+05
 Pressure (bar)
   -1.64442e+04

           Step           Time
             20       20.00000

   Energies (kJ/mol)
           Bond          Angle    Proper Dih.  Improper Dih.          LJ-14
    4.66248e+02    1.70473e+03    8.30261e+03    1.08255e+02    2.60030e+03
     Coulomb-14        LJ (SR)   Coulomb (SR)   Coul. recip.      Potential
    4.02001e+04    3.74731e+04   -4.79462e+05    5.13794e+03   -3.83469e+05
 Pressure (bar)
   -1.64479e+04

           Step           Time
             21       21.00000

           Step           Time
             22       22.00000

   Energies (kJ/mol)
           Bond          Angle    Proper Dih.  Improper Dih.          LJ-14
    2.85708e+02    1.68681e+03    8.30290e+03    1.08233e+02    2.59910e+03
     Coulomb-14        LJ (SR)   Coulomb (SR)   Coul. recip.      Potential
    4.02008e+04    3.74807e+04   -4.79508e+05    5.13976e+03   -3.83704e+05
 Pressure (bar)
   -1.64500e+04

           Step           Time
             23       23.00000

   Energies (kJ/mol)
           Bond          Angle    Proper Dih.  Improper Dih.          LJ-14
    5.53220e+02    1.71534e+03    8.30269e+03    1.08458e+02    2.59049e+03
     Coulomb-14        LJ (SR)   Coulomb (SR)   Coul. recip.      Potential
    4.01875e+04    3.76078e+04   -4.79916e+05    5.11800e+03   -3.83732e+05
 Pressure (bar)
   -1.64669e+04

           Step           Time
             24       24.00000

   Energies (kJ/mol)
           Bond          Angle    Proper Dih.  Improper Dih.          LJ-14
    3.19033e+02    1.69305e+03    8.30305e+03    1.08386e+02    2.58914e+03
     Coulomb-14        LJ (SR)   Coulomb (SR)   Coul. recip.      Potential
    4.01889e+04    3.76151e+04   -4.79968e+05    5.12188e+03   -3.84029e+05
 Pressure (bar)
   -1.64694e+04

           Step           Time
             25       25.00000

           Step           Time
             26       26.00000

   Energies (kJ/mol)
           Bond          Angle    Proper Dih.  Improper Dih.          LJ-14
    3.39278e+02    1.69630e+03    8.30275e+03    1.08414e+02    2.58730e+03
     Coulomb-14        LJ (SR)   Coulomb (SR)   Coul. recip.      Potential
    4.01847e+04    3.76479e+04   -4.80064e+05    5.11442e+03   -3.84083e+05
 Pressure (bar)
   -1.64733e+04

           Step           Time
             27       27.00000

   Energies (kJ/mol)
           Bond          Angle    Proper Dih.  Improper Dih.          LJ-14
    3.60748e+02    1.69795e+03    8.30300e+03    1.08379e+02    2.58548e+03
     Coulomb-14        LJ (SR)   Coulomb (SR)   Coul. recip.      Potential
    4.01845e+04    3.76687e+04   -4.80152e+05    5.11543e+03   -3.84128e+05
 Pressure (bar)
   -1.64772e+04

           Step           Time
             28       28.00000

   Energies (kJ/mol)
           Bond          Angle    Proper Dih.  Improper Dih.          LJ-14
    3.94755e+02    1.70300e+03    8.30258e+03    1.08415e+02    2.58372e+03
     Coulomb-14        LJ (SR)   Coulomb (SR)   Coul. recip.      Potential
    4.01797e+04    3.77035e+04   -4.80247e+05    5.10657e+03   -3.84165e+05
 Pressure (bar)
   -1.64810e+04

           Step           Time
             29       29.00000

   Energies (kJ/mol)
           Bond          Angle    Proper Dih.  Improper Dih.          LJ-14
    4.46850e+02    1.70706e+03    8.30295e+03    1.08363e+02    2.58195e+03
     Coulomb-14        LJ (SR)   Coulomb (SR)   Coul. recip.      Potential
    4.01806e+04    3.77219e+04   -4.80334e+05    5.10966e+03   -3.84175e+05
 Pressure (bar)
   -1.64850e+04

           Step           Time
             30       30.00000

   Energies (kJ/mol)
           Bond          Angle    Proper Dih.  Improper Dih.          LJ-14
    5.09447e+02    1.71585e+03    8.30236e+03    1.08422e+02    2.58026e+03
     Coulomb-14        LJ (SR)   Coulomb (SR)   Coul. recip.      Potential
    4.01746e+04    3.77600e+04   -4.80431e+05    5.09870e+03   -3.84181e+05
 Pressure (bar)
   -1.64886e+04

           Step           Time
             31       31.00000

           Step           Time
             32       32.00000

   Energies (kJ/mol)
           Bond          Angle    Proper Dih.  Improper Dih.          LJ-14
    2.89198e+02    1.69377e+03    8.30262e+03    1.08368e+02    2.57922e+03
     Coulomb-14        LJ (SR)   Coulomb (SR)   Coul. recip.      Potential
    4.01758e+04    3.77663e+04   -4.80472e+05    5.10092e+03   -3.84456e+05
 Pressure (bar)
   -1.64906e+04

           Step           Time
             33       33.00000

           Step           Time
             34       34.00000

   Energies (kJ/mol)
           Bond          Angle    Proper Dih.  Improper Dih.          LJ-14
    3.52900e+02    1.70129e+03    8.30221e+03    1.08377e+02    2.57510e+03
     Coulomb-14        LJ (SR)   Coulomb (SR)   Coul. recip.      Potential
    4.01691e+04    3.78368e+04   -4.80694e+05    5.08905e+03   -3.84559e+05
 Pressure (bar)
   -1.64999e+04

           Step           Time
             35       35.00000

   Energies (kJ/mol)
           Bond          Angle    Proper Dih.  Improper Dih.          LJ-14
    3.03513e+02    1.69621e+03    8.30236e+03    1.08333e+02    2.57393e+03
     Coulomb-14        LJ (SR)   Coulomb (SR)   Coul. recip.      Potential
    4.01693e+04    3.78503e+04   -4.80753e+05    5.09017e+03   -3.84659e+05
 Pressure (bar)
   -1.65026e+04

           Step           Time
             36       36.00000

   Energies (kJ/mol)
           Bond          Angle    Proper Dih.  Improper Dih.          LJ-14
    3.95953e+02    1.70660e+03    8.30190e+03    1.08343e+02    2.57137e+03
     Coulomb-14        LJ (SR)   Coulomb (SR)   Coul. recip.      Potential
    4.01639e+04    3.78996e+04   -4.80898e+05    5.08082e+03   -3.84670e+05
 Pressure (bar)
   -1.65085e+04

           Step           Time
             37       37.00000

   Energies (kJ/mol)
           Bond          Angle    Proper Dih.  Improper Dih.          LJ-14
    3.38324e+02    1.70036e+03    8.30214e+03    1.08289e+02    2.57012e+03
     Coulomb-14        LJ (SR)   Coulomb (SR)   Coul. recip.      Potential
    4.01647e+04    3.79128e+04   -4.80962e+05    5.08303e+03   -3.84782e+05
 Pressure (bar)
   -1.65115e+04

           Step           Time
             38       38.00000

           Step           Time
             39       39.00000

   Energies (kJ/mol)
           Bond          Angle    Proper Dih.  Improper Dih.          LJ-14
    2.99388e+02    1.69772e+03    8.30185e+03    1.08296e+02    2.56902e+03
     Coulomb-14        LJ (SR)   Coulomb (SR)   Coul. recip.      Potential
    4.01619e+04    3.79348e+04   -4.81023e+05    5.07768e+03   -3.84872e+05
 Pressure (bar)
   -1.65139e+04

           Step           Time
             40       40.00000

   Energies (kJ/mol)
           Bond          Angle    Proper Dih.  Improper Dih.          LJ-14
    3.76604e+02    1.70455e+03    8.30186e+03    1.08242e+02    2.56632e+03
     Coulomb-14        LJ (SR)   Coulomb (SR)   Coul. recip.      Potential
    4.01601e+04    3.79775e+04   -4.81177e+05    5.07533e+03   -3.84906e+05
 Pressure (bar)
   -1.65206e+04

           Step           Time
             41       41.00000

   Energies (kJ/mol)
           Bond          Angle    Proper Dih.  Improper Dih.          LJ-14
    3.21616e+02    1.70105e+03    8.30146e+03    1.08253e+02    2.56511e+03
     Coulomb-14        LJ (SR)   Coulomb (SR)   Coul. recip.      Potential
    4.01565e+04    3.80033e+04   -4.81244e+05    5.06860e+03   -3.85018e+05
 Pressure (bar)
   -1.65233e+04

           Step           Time
             42       42.00000

           Step           Time
             43       43.00000

   Energies (kJ/mol)
           Bond          Angle    Proper Dih.  Improper Dih.          LJ-14
    3.00912e+02    1.69863e+03    8.30153e+03    1.08221e+02    2.56400e+03
     Coulomb-14        LJ (SR)   Coulomb (SR)   Coul. recip.      Potential
    4.01563e+04    3.80190e+04   -4.81306e+05    5.06855e+03   -3.85089e+05
 Pressure (bar)
   -1.65260e+04

           Step           Time
             44       44.00000

   Energies (kJ/mol)
           Bond          Angle    Proper Dih.  Improper Dih.          LJ-14
    3.44608e+02    1.70415e+03    8.30112e+03    1.08217e+02    2.56188e+03
     Coulomb-14        LJ (SR)   Coulomb (SR)   Coul. recip.      Potential
    4.01520e+04    3.80614e+04   -4.81432e+05    5.06096e+03   -3.85138e+05
 Pressure (bar)
   -1.65312e+04

           Step           Time
             45       45.00000

   Energies (kJ/mol)
           Bond          Angle    Proper Dih.  Improper Dih.          LJ-14
    3.22949e+02    1.70134e+03    8.30124e+03    1.08172e+02    2.56069e+03
     Coulomb-14        LJ (SR)   Coulomb (SR)   Coul. recip.      Potential
    4.01523e+04    3.80775e+04   -4.81499e+05    5.06192e+03   -3.85213e+05
 Pressure (bar)
   -1.65343e+04

           Step           Time
             46       46.00000

   Energies (kJ/mol)
           Bond          Angle    Proper Dih.  Improper Dih.          LJ-14
    3.88798e+02    1.70932e+03    8.30075e+03    1.08182e+02    2.55889e+03
     Coulomb-14        LJ (SR)   Coulomb (SR)   Coul. recip.      Potential
    4.01476e+04    3.81172e+04   -4.81610e+05    5.05374e+03   -3.85225e+05
 Pressure (bar)
   -1.65387e+04

           Step           Time
             47       47.00000

   Energies (kJ/mol)
           Bond          Angle    Proper Dih.  Improper Dih.          LJ-14
    3.72157e+02    1.70653e+03    8.30097e+03    1.08125e+02    2.55766e+03
     Coulomb-14        LJ (SR)   Coulomb (SR)   Coul. recip.      Potential
    4.01487e+04    3.81323e+04   -4.81680e+05    5.05621e+03   -3.85297e+05
 Pressure (bar)
   -1.65420e+04

           Step           Time
             48       48.00000

           Step           Time
             49       49.00000

   Energies (kJ/mol)
           Bond          Angle    Proper Dih.  Improper Dih.          LJ-14
    2.95884e+02    1.70048e+03    8.30065e+03    1.08131e+02    2.55675e+03
     Coulomb-14        LJ (SR)   Coulomb (SR)   Coul. recip.      Potential
    4.01460e+04    3.81520e+04   -4.81731e+05    5.05099e+03   -3.85420e+05
 Pressure (bar)
   -1.65440e+04

           Step           Time
             50       50.00000

   Energies (kJ/mol)
           Bond          Angle    Proper Dih.  Improper Dih.          LJ-14
    4.25249e+02    1.71187e+03    8.30045e+03    1.08051e+02    2.55283e+03
     Coulomb-14        LJ (SR)   Coulomb (SR)   Coul. recip.      Potential
    4.01426e+04    3.82227e+04   -4.81973e+05    5.04572e+03   -3.85464e+05
 Pressure (bar)
   -1.65545e+04

           Step           Time
             51       51.00000

   Energies (kJ/mol)
           Bond          Angle    Proper Dih.  Improper Dih.          LJ-14
    3.15035e+02    1.70369e+03    8.30000e+03    1.08061e+02    2.55178e+03
     Coulomb-14        LJ (SR)   Coulomb (SR)   Coul. recip.      Potential
    4.01390e+04    3.82466e+04   -4.82033e+05    5.03904e+03   -3.85629e+05
 Pressure (bar)
   -1.65568e+04

           Step           Time
             52       52.00000

           Step           Time
             53       53.00000

   Energies (kJ/mol)
           Bond          Angle    Proper Dih.  Improper Dih.          LJ-14
    3.17889e+02    1.70329e+03    8.30003e+03    1.08022e+02    2.55053e+03
     Coulomb-14        LJ (SR)   Coulomb (SR)   Coul. recip.      Potential
    4.01387e+04    3.82674e+04   -4.82110e+05    5.03872e+03   -3.85686e+05
 Pressure (bar)
   -1.65603e+04

           Step           Time
             54       54.00000

   Energies (kJ/mol)
           Bond          Angle    Proper Dih.  Improper Dih.          LJ-14
    3.37206e+02    1.70657e+03    8.29961e+03    1.08022e+02    2.54908e+03
     Coulomb-14        LJ (SR)   Coulomb (SR)   Coul. recip.      Potential
    4.01350e+04    3.83002e+04   -4.82202e+05    5.03228e+03   -3.85734e+05
 Pressure (bar)
   -1.65639e+04

           Step           Time
             55       55.00000

   Energies (kJ/mol)
           Bond          Angle    Proper Dih.  Improper Dih.          LJ-14
    3.50154e+02    1.70672e+03    8.29971e+03    1.07972e+02    2.54783e+03
     Coulomb-14        LJ (SR)   Coulomb (SR)   Coul. recip.      Potential
    4.01354e+04    3.83198e+04   -4.82280e+05    5.03326e+03   -3.85780e+05
 Pressure (bar)
   -1.65675e+04

           Step           Time
             56       56.00000

   Energies (kJ/mol)
           Bond          Angle    Proper Dih.  Improper Dih.          LJ-14
    3.82197e+02    1.71174e+03    8.29918e+03    1.07984e+02    2.54643e+03
     Coulomb-14        LJ (SR)   Coulomb (SR)   Coul. recip.      Potential
    4.01311e+04    3.83543e+04   -4.82370e+05    5.02555e+03   -3.85812e+05
 Pressure (bar)
   -1.65711e+04

           Step           Time
             57       57.00000

   Energies (kJ/mol)
           Bond          Angle    Proper Dih.  Improper Dih.          LJ-14
    4.17211e+02    1.71343e+03    8.29940e+03    1.07923e+02    2.54524e+03
     Coulomb-14        LJ (SR)   Coulomb (SR)   Coul. recip.      Potential
    4.01323e+04    3.83716e+04   -4.82449e+05    5.02835e+03   -3.85833e+05
 Pressure (bar)
   -1.65748e+04

           Step           Time
             58       58.00000

   Energies (kJ/mol)
           Bond          Angle    Proper Dih.  Improper Dih.          LJ-14
    4.74853e+02    1.72184e+03    8.29873e+03    1.07954e+02    2.54385e+03
     Coulomb-14        LJ (SR)   Coulomb (SR)   Coul. recip.      Potential
    4.01269e+04    3.84091e+04   -4.82540e+05    5.01876e+03   -3.85838e+05
 Pressure (bar)
   -1.65782e+04

           Step           Time
             59       59.00000

           Step           Time
             60       60.00000

   Energies (kJ/mol)
           Bond          Angle    Proper Dih.  Improper Dih.          LJ-14
    2.95278e+02    1.70338e+03    8.29891e+03    1.07904e+02    2.54314e+03
     Coulomb-14        LJ (SR)   Coulomb (SR)   Coul. recip.      Potential
    4.01282e+04    3.84151e+04   -4.82577e+05    5.02084e+03   -3.86064e+05
 Pressure (bar)
   -1.65801e+04

           Step           Time
             61       61.00000

   Energies (kJ/mol)
           Bond          Angle    Proper Dih.  Improper Dih.          LJ-14
    5.58909e+02    1.73034e+03    8.29755e+03    1.07852e+02    2.53634e+03
     Coulomb-14        LJ (SR)   Coulomb (SR)   Coul. recip.      Potential
    4.01162e+04    3.85669e+04   -4.83031e+05    4.99948e+03   -3.86117e+05
 Pressure (bar)
   -1.65992e+04

           Step           Time
             62       62.00000

   Energies (kJ/mol)
           Bond          Angle    Proper Dih.  Improper Dih.          LJ-14
    3.23789e+02    1.70715e+03    8.29781e+03    1.07771e+02    2.53553e+03
     Coulomb-14        LJ (SR)   Coulomb (SR)   Coul. recip.      Potential
    4.01184e+04    3.85722e+04   -4.83074e+05    5.00359e+03   -3.86408e+05
 Pressure (bar)
   -1.66014e+04

           Step           Time
             63       63.00000

           Step           Time
             64       64.00000

   Energies (kJ/mol)
           Bond          Angle    Proper Dih.  Improper Dih.          LJ-14
    3.51820e+02    1.71118e+03    8.29733e+03    1.07767e+02    2.53420e+03
     Coulomb-14        LJ (SR)   Coulomb (SR)   Coul. recip.      Potential
    4.01147e+04    3.86061e+04   -4.83166e+05    4.99700e+03   -3.86446e+05
 Pressure (bar)
   -1.66051e+04

           Step           Time
             65       65.00000

   Energies (kJ/mol)
           Bond          Angle    Proper Dih.  Improper Dih.          LJ-14
    3.60558e+02    1.71091e+03    8.29744e+03    1.07714e+02    2.53316e+03
     Coulomb-14        LJ (SR)   Coulomb (SR)   Coul. recip.      Potential
    4.01155e+04    3.86240e+04   -4.83239e+05    4.99868e+03   -3.86492e+05
 Pressure (bar)
   -1.66085e+04

           Step           Time
             66       66.00000

   Energies (kJ/mol)
           Bond          Angle    Proper Dih.  Improper Dih.          LJ-14
    4.06391e+02    1.71728e+03    8.29685e+03    1.07727e+02    2.53187e+03
     Coulomb-14        LJ (SR)   Coulomb (SR)   Coul. recip.      Potential
    4.01109e+04    3.86596e+04   -4.83330e+05    4.99074e+03   -3.86508e+05
 Pressure (bar)
   -1.66120e+04

           Step           Time
             67       67.00000

   Energies (kJ/mol)
           Bond          Angle    Proper Dih.  Improper Dih.          LJ-14
    4.38084e+02    1.71852e+03    8.29709e+03    1.07663e+02    2.53088e+03
     Coulomb-14        LJ (SR)   Coulomb (SR)   Coul. recip.      Potential
    4.01127e+04    3.86749e+04   -4.83402e+05    4.99435e+03   -3.86528e+05
 Pressure (bar)
   -1.66155e+04

           Step           Time
             68       68.00000

           Step           Time
             69       69.00000

   Energies (kJ/mol)
           Bond          Angle    Proper Dih.  Improper Dih.          LJ-14
    2.98411e+02    1.70668e+03    8.29670e+03    1.07670e+02    2.53010e+03
     Coulomb-14        LJ (SR)   Coulomb (SR)   Coul. recip.      Potential
    4.01098e+04    3.86938e+04   -4.83448e+05    4.98879e+03   -3.86716e+05
 Pressure (bar)
   -1.66172e+04

           Step           Time
             70       70.00000

   Energies (kJ/mol)
           Bond          Angle    Proper Dih.  Improper Dih.          LJ-14
    5.23717e+02    1.72558e+03    8.29592e+03    1.07538e+02    2.52434e+03
     Coulomb-14        LJ (SR)   Coulomb (SR)   Coul. recip.      Potential
    4.01039e+04    3.88257e+04   -4.83871e+05    4.97816e+03   -3.86786e+05
 Pressure (bar)
   -1.66356e+04

           Step           Time
             71       71.00000

   Energies (kJ/mol)
           Bond          Angle    Proper Dih.  Improper Dih.          LJ-14
    3.17752e+02    1.71004e+03    8.29537e+03    1.07547e+02    2.52333e+03
     Coulomb-14        LJ (SR)   Coulomb (SR)   Coul. recip.      Potential
    4.00999e+04    3.88495e+04   -4.83924e+05    4.97112e+03   -3.87049e+05
 Pressure (bar)
   -1.66375e+04

           Step           Time
             72       72.00000

           Step           Time
             73       73.00000

   Energies (kJ/mol)
           Bond          Angle    Proper Dih.  Improper Dih.          LJ-14
    3.51441e+02    1.71204e+03    8.29534e+03    1.07499e+02    2.52214e+03
     Coulomb-14        LJ (SR)   Coulomb (SR)   Coul. recip.      Potential
    4.00999e+04    3.88754e+04   -4.84017e+05    4.97110e+03   -3.87082e+05
 Pressure (bar)
   -1.66417e+04

           Step           Time
             74       74.00000

   Energies (kJ/mol)
           Bond          Angle    Proper Dih.  Improper Dih.          LJ-14
    3.43360e+02    1.71318e+03    8.29486e+03    1.07504e+02    2.52109e+03
     Coulomb-14        LJ (SR)   Coulomb (SR)   Coul. recip.      Potential
    4.00963e+04    3.89042e+04   -4.84090e+05    4.96497e+03   -3.87145e+05
 Pressure (bar)
   -1.66446e+04

           Step           Time
             75       75.00000

           Step           Time
             76       76.00000

   Energies (kJ/mol)
           Bond          Angle    Proper Dih.  Improper Dih.          LJ-14
    3.01346e+02    1.70837e+03    8.29490e+03    1.07474e+02    2.52051e+03
     Coulomb-14        LJ (SR)   Coulomb (SR)   Coul. recip.      Potential
    4.00968e+04    3.89150e+04   -4.84133e+05    4.96560e+03   -3.87223e+05
 Pressure (bar)
   -1.66466e+04

           Step           Time
             77       77.00000

   Energies (kJ/mol)
           Bond          Angle    Proper Dih.  Improper Dih.          LJ-14
    3.67713e+02    1.71614e+03    8.29415e+03    1.07443e+02    2.51787e+03
     Coulomb-14        LJ (SR)   Coulomb (SR)   Coul. recip.      Potential
    4.00914e+04    3.89836e+04   -4.84330e+05    4.95626e+03   -3.87296e+05
 Pressure (bar)
   -1.66548e+04

           Step           Time
             78       78.00000

   Energies (kJ/mol)
           Bond          Angle    Proper Dih.  Improper Dih.          LJ-14
    3.14569e+02    1.70996e+03    8.29424e+03    1.07403e+02    2.51722e+03
     Coulomb-14        LJ (SR)   Coulomb (SR)   Coul. recip.      Potential
    4.00924e+04    3.89950e+04   -4.84380e+05    4.95777e+03   -3.87391e+05
 Pressure (bar)
   -1.66572e+04

           Step           Time
             79       79.00000

           Step           Time
             80       80.00000

   Energies (kJ/mol)
           Bond          Angle    Proper Dih.  Improper Dih.          LJ-14
    3.10383e+02    1.71051e+03    8.29390e+03    1.07398e+02    2.51632e+03
     Coulomb-14        LJ (SR)   Coulomb (SR)   Coul. recip.      Potential
    4.00900e+04    3.90194e+04   -4.84446e+05    4.95355e+03   -3.87444e+05
 Pressure (bar)
   -1.66599e+04

           Step           Time
             81       81.00000

   Energies (kJ/mol)
           Bond          Angle    Proper Dih.  Improper Dih.          LJ-14
    3.29965e+02    1.71156e+03    8.29380e+03    1.07357e+02    2.51514e+03
     Coulomb-14        LJ (SR)   Coulomb (SR)   Coul. recip.      Potential
    4.00896e+04    3.90470e+04   -4.84540e+05    4.95276e+03   -3.87493e+05
 Pressure (bar)
   -1.66641e+04

           Step           Time
             82       82.00000

   Energies (kJ/mol)
           Bond          Angle    Proper Dih.  Improper Dih.          LJ-14
    3.24842e+02    1.71244e+03    8.29338e+03    1.07357e+02    2.51418e+03
     Coulomb-14        LJ (SR)   Coulomb (SR)   Coul. recip.      Potential
    4.00866e+04    3.90738e+04   -4.84609e+05    4.94761e+03   -3.87549e+05
 Pressure (bar)
   -1.66669e+04

           Step           Time
             83       83.00000

   Energies (kJ/mol)
           Bond          Angle    Proper Dih.  Improper Dih.          LJ-14
    3.60002e+02    1.71447e+03    8.29338e+03    1.07312e+02    2.51313e+03
     Coulomb-14        LJ (SR)   Coulomb (SR)   Coul. recip.      Potential
    4.00870e+04    3.90978e+04   -4.84697e+05    4.94816e+03   -3.87575e+05
 Pressure (bar)
   -1.66708e+04

           Step           Time
             84       84.00000

   Energies (kJ/mol)
           Bond          Angle    Proper Dih.  Improper Dih.          LJ-14
    3.55975e+02    1.71605e+03    8.29286e+03    1.07321e+02    2.51211e+03
     Coulomb-14        LJ (SR)   Coulomb (SR)   Coul. recip.      Potential
    4.00832e+04    3.91276e+04   -4.84770e+05    4.94176e+03   -3.87633e+05
 Pressure (bar)
   -1.66737e+04

           Step           Time
             85       85.00000

           Step           Time
             86       86.00000

   Energies (kJ/mol)
           Bond          Angle    Proper Dih.  Improper Dih.          LJ-14
    3.03136e+02    1.71011e+03    8.29292e+03    1.07291e+02    2.51160e+03
     Coulomb-14        LJ (SR)   Coulomb (SR)   Coul. recip.      Potential
    4.00839e+04    3.91374e+04   -4.84810e+05    4.94262e+03   -3.87721e+05
 Pressure (bar)
   -1.66756e+04

           Step           Time
             87       87.00000

   Energies (kJ/mol)
           Bond          Angle    Proper Dih.  Improper Dih.          LJ-14
    3.85323e+02    1.71941e+03    8.29207e+03    1.07261e+02    2.50888e+03
     Coulomb-14        LJ (SR)   Coulomb (SR)   Coul. recip.      Potential
    4.00783e+04    3.92125e+04   -4.85024e+05    4.93273e+03   -3.87788e+05
 Pressure (bar)
   -1.66845e+04

           Step           Time
             88       88.00000

   Energies (kJ/mol)
           Bond          Angle    Proper Dih.  Improper Dih.          LJ-14
    3.17733e+02    1.71172e+03    8.29218e+03    1.07220e+02    2.50831e+03
     Coulomb-14        LJ (SR)   Coulomb (SR)   Coul. recip.      Potential
    4.00794e+04    3.92227e+04   -4.85070e+05    4.93460e+03   -3.87896e+05
 Pressure (bar)
   -1.66868e+04

           Step           Time
             89       89.00000

           Step           Time
             90       90.00000

   Energies (kJ/mol)
           Bond          Angle    Proper Dih.  Improper Dih.          LJ-14
    3.15747e+02    1.71254e+03    8.29183e+03    1.07217e+02    2.50742e+03
     Coulomb-14        LJ (SR)   Coulomb (SR)   Coul. recip.      Potential
    4.00769e+04    3.92483e+04   -4.85138e+05    4.93022e+03   -3.87948e+05
 Pressure (bar)
   -1.66895e+04

           Step           Time
             91       91.00000

   Energies (kJ/mol)
           Bond          Angle    Proper Dih.  Improper Dih.          LJ-14
    3.34992e+02    1.71341e+03    8.29175e+03    1.07179e+02    2.50641e+03
     Coulomb-14        LJ (SR)   Coulomb (SR)   Coul. recip.      Potential
    4.00769e+04    3.92733e+04   -4.85224e+05    4.92996e+03   -3.87990e+05
 Pressure (bar)
   -1.66934e+04

           Step           Time
             92       92.00000

   Energies (kJ/mol)
           Bond          Angle    Proper Dih.  Improper Dih.          LJ-14
    3.33495e+02    1.71476e+03    8.29130e+03    1.07182e+02    2.50547e+03
     Coulomb-14        LJ (SR)   Coulomb (SR)   Coul. recip.      Potential
    4.00738e+04    3.93012e+04   -4.85295e+05    4.92464e+03   -3.88044e+05
 Pressure (bar)
   -1.66962e+04

           Step           Time
             93       93.00000

   Energies (kJ/mol)
           Bond          Angle    Proper Dih.  Improper Dih.          LJ-14
    3.69140e+02    1.71664e+03    8.29133e+03    1.07138e+02    2.50457e+03
     Coulomb-14        LJ (SR)   Coulomb (SR)   Coul. recip.      Potential
    4.00745e+04    3.93232e+04   -4.85376e+05    4.92571e+03   -3.88064e+05
 Pressure (bar)
   -1.67000e+04

           Step           Time
             94       94.00000

   Energies (kJ/mol)
           Bond          Angle    Proper Dih.  Improper Dih.          LJ-14
    3.71371e+02    1.71903e+03    8.29077e+03    1.07150e+02    2.50357e+03
     Coulomb-14        LJ (SR)   Coulomb (SR)   Coul. recip.      Potential
    4.00705e+04    3.93541e+04   -4.85450e+05    4.91903e+03   -3.88115e+05
 Pressure (bar)
   -1.67028e+04

           Step           Time
             95       95.00000

           Step           Time
             96       96.00000

   Energies (kJ/mol)
           Bond          Angle    Proper Dih.  Improper Dih.          LJ-14
    3.04768e+02    1.71160e+03    8.29085e+03    1.07120e+02    2.50311e+03
     Coulomb-14        LJ (SR)   Coulomb (SR)   Coul. recip.      Potential
    4.00714e+04    3.93628e+04   -4.85488e+05    4.92019e+03   -3.88216e+05
 Pressure (bar)
   -1.67046e+04

           Step           Time
             97       97.00000

   Energies (kJ/mol)
           Bond          Angle    Proper Dih.  Improper Dih.          LJ-14
    4.06866e+02    1.72290e+03    8.28989e+03    1.07092e+02    2.50027e+03
     Coulomb-14        LJ (SR)   Coulomb (SR)   Coul. recip.      Potential
    4.00653e+04    3.94466e+04   -4.85723e+05    4.90953e+03   -3.88275e+05
 Pressure (bar)
   -1.67145e+04

           Step           Time
             98       98.00000

   Energies (kJ/mol)
           Bond          Angle    Proper Dih.  Improper Dih.          LJ-14
    3.20742e+02    1.71326e+03    8.29003e+03    1.07050e+02    2.49976e+03
     Coulomb-14        LJ (SR)   Coulomb (SR)   Coul. recip.      Potential
    4.00668e+04    3.94555e+04   -4.85767e+05    4.91177e+03   -3.88402e+05
 Pressure (bar)
   -1.67166e+04

           Step           Time
             99       99.00000

           Step           Time
            100      100.00000

   Energies (kJ/mol)
           Bond          Angle    Proper Dih.  Improper Dih.          LJ-14
    3.22196e+02    1.71451e+03    8.28964e+03    1.07049e+02    2.49888e+03
     Coulomb-14        LJ (SR)   Coulomb (SR)   Coul. recip.      Potential
    4.00642e+04    3.94823e+04   -4.85837e+05    4.90721e+03   -3.88451e+05
 Pressure (bar)
   -1.67195e+04

           Step           Time
            101      101.00000

   Energies (kJ/mol)
           Bond          Angle    Proper Dih.  Improper Dih.          LJ-14
    3.40031e+02    1.71507e+03    8.28960e+03    1.07013e+02    2.49802e+03
     Coulomb-14        LJ (SR)   Coulomb (SR)   Coul. recip.      Potential
    4.00644e+04    3.95050e+04   -4.85916e+05    4.90746e+03   -3.88489e+05
 Pressure (bar)
   -1.67231e+04

           Step           Time
            102      102.00000

   Energies (kJ/mol)
           Bond          Angle    Proper Dih.  Improper Dih.          LJ-14
    3.44094e+02    1.71710e+03    8.28912e+03    1.07019e+02    2.49709e+03
     Coulomb-14        LJ (SR)   Coulomb (SR)   Coul. recip.      Potential
    4.00611e+04    3.95341e+04   -4.85988e+05    4.90193e+03   -3.88536e+05
 Pressure (bar)
   -1.67259e+04

           Step           Time
            103      103.00000

   Energies (kJ/mol)
           Bond          Angle    Proper Dih.  Improper Dih.          LJ-14
    3.78803e+02    1.71867e+03    8.28918e+03    1.06977e+02    2.49634e+03
     Coulomb-14        LJ (SR)   Coulomb (SR)   Coul. recip.      Potential
    4.00622e+04    3.95539e+04   -4.86063e+05    4.90354e+03   -3.88553e+05
 Pressure (bar)
   -1.67294e+04

           Step           Time
            104      104.00000

   Energies (kJ/mol)
           Bond          Angle    Proper Dih.  Improper Dih.          LJ-14
    3.90311e+02    1.72220e+03    8.28859e+03    1.06993e+02    2.49534e+03
     Coulomb-14        LJ (SR)   Coulomb (SR)   Coul. recip.      Potential
    4.00580e+04    3.95861e+04   -4.86138e+05    4.89655e+03   -3.88594e+05
 Pressure (bar)
   -1.67323e+04

           Step           Time
            105      105.00000

           Step           Time
            106      106.00000

   Energies (kJ/mol)
           Bond          Angle    Proper Dih.  Improper Dih.          LJ-14
    3.06229e+02    1.71292e+03    8.28869e+03    1.06963e+02    2.49494e+03
     Coulomb-14        LJ (SR)   Coulomb (SR)   Coul. recip.      Potential
    4.00591e+04    3.95937e+04   -4.86174e+05    4.89799e+03   -3.88713e+05
 Pressure (bar)
   -1.67340e+04

           Step           Time
            107      107.00000

   Energies (kJ/mol)
           Bond          Angle    Proper Dih.  Improper Dih.          LJ-14
    4.33351e+02    1.72667e+03    8.28759e+03    1.06935e+02    2.49188e+03
     Coulomb-14        LJ (SR)   Coulomb (SR)   Coul. recip.      Potential
    4.00524e+04    3.96896e+04   -4.86440e+05    4.88623e+03   -3.88765e+05
 Pressure (bar)
   -1.67452e+04

           Step           Time
            108      108.00000

   Energies (kJ/mol)
           Bond          Angle    Proper Dih.  Improper Dih.          LJ-14
    3.23621e+02    1.71462e+03    8.28776e+03    1.06893e+02    2.49143e+03
     Coulomb-14        LJ (SR)   Coulomb (SR)   Coul. recip.      Potential
    4.00542e+04    3.96970e+04   -4.86480e+05    4.88889e+03   -3.88915e+05
 Pressure (bar)
   -1.67472e+04

           Step           Time
            109      109.00000

           Step           Time
            110      110.00000

   Energies (kJ/mol)
           Bond          Angle    Proper Dih.  Improper Dih.          LJ-14
    3.30054e+02    1.71644e+03    8.28733e+03    1.06893e+02    2.49055e+03
     Coulomb-14        LJ (SR)   Coulomb (SR)   Coul. recip.      Potential
    4.00514e+04    3.97254e+04   -4.86553e+05    4.88415e+03   -3.88960e+05
 Pressure (bar)
   -1.67502e+04

           Step           Time
            111      111.00000

   Energies (kJ/mol)
           Bond          Angle    Proper Dih.  Improper Dih.          LJ-14
    3.45160e+02    1.71658e+03    8.28732e+03    1.06859e+02    2.48984e+03
     Coulomb-14        LJ (SR)   Coulomb (SR)   Coul. recip.      Potential
    4.00520e+04    3.97457e+04   -4.86625e+05    4.88490e+03   -3.88996e+05
 Pressure (bar)
   -1.67535e+04

           Step           Time
            112      112.00000

   Energies (kJ/mol)
           Bond          Angle    Proper Dih.  Improper Dih.          LJ-14
    3.57107e+02    1.71953e+03    8.28682e+03    1.06867e+02    2.48891e+03
     Coulomb-14        LJ (SR)   Coulomb (SR)   Coul. recip.      Potential
    4.00485e+04    3.97761e+04   -4.86699e+05    4.87912e+03   -3.89036e+05
 Pressure (bar)
   -1.67564e+04

           Step           Time
            113      113.00000

   Energies (kJ/mol)
           Bond          Angle    Proper Dih.  Improper Dih.          LJ-14
    3.89181e+02    1.72060e+03    8.28692e+03    1.06827e+02    2.48829e+03
     Coulomb-14        LJ (SR)   Coulomb (SR)   Coul. recip.      Potential
    4.00500e+04    3.97938e+04   -4.86768e+05    4.88129e+03   -3.89051e+05
 Pressure (bar)
   -1.67597e+04

           Step           Time
            114      114.00000

   Energies (kJ/mol)
           Bond          Angle    Proper Dih.  Improper Dih.          LJ-14
    4.13570e+02    1.72567e+03    8.28628e+03    1.06847e+02    2.48730e+03
     Coulomb-14        LJ (SR)   Coulomb (SR)   Coul. recip.      Potential
    4.00455e+04    3.98275e+04   -4.86845e+05    4.87400e+03   -3.89078e+05
 Pressure (bar)
   -1.67626e+04

           Step           Time
            115      115.00000

           Step           Time
            116      116.00000

   Energies (kJ/mol)
           Bond          Angle    Proper Dih.  Improper Dih.          LJ-14
    3.07587e+02    1.71408e+03    8.28640e+03    1.06816e+02    2.48695e+03
     Coulomb-14        LJ (SR)   Coulomb (SR)   Coul. recip.      Potential
    4.00468e+04    3.98338e+04   -4.86877e+05    4.87569e+03   -3.89219e+05
 Pressure (bar)
   -1.67642e+04

           Step           Time
            117      117.00000

   Energies (kJ/mol)
           Bond          Angle    Proper Dih.  Improper Dih.          LJ-14
    4.65759e+02    1.73081e+03    8.28512e+03    1.06790e+02    2.48356e+03
     Coulomb-14        LJ (SR)   Coulomb (SR)   Coul. recip.      Potential
    4.00392e+04    3.99466e+04   -4.87187e+05    4.86249e+03   -3.89267e+05
 Pressure (bar)
   -1.67772e+04

           Step           Time
            118      118.00000

   Energies (kJ/mol)
           Bond          Angle    Proper Dih.  Improper Dih.          LJ-14
    3.26502e+02    1.71578e+03    8.28531e+03    1.06745e+02    2.48318e+03
     Coulomb-14        LJ (SR)   Coulomb (SR)   Coul. recip.      Potential
    4.00414e+04    3.99525e+04   -4.87224e+05    4.86561e+03   -3.89447e+05
 Pressure (bar)
   -1.67792e+04

           Step           Time
            119      119.00000

           Step           Time
            120      120.00000

   Energies (kJ/mol)
           Bond          Angle    Proper Dih.  Improper Dih.          LJ-14
    3.39636e+02    1.71837e+03    8.28486e+03    1.06748e+02    2.48229e+03
     Coulomb-14        LJ (SR)   Coulomb (SR)   Coul. recip.      Potential
    4.00384e+04    3.99825e+04   -4.87300e+05    4.86064e+03   -3.89486e+05
 Pressure (bar)
   -1.67822e+04

           Step           Time
            121      121.00000

   Energies (kJ/mol)
           Bond          Angle    Proper Dih.  Improper Dih.          LJ-14
    3.50569e+02    1.71794e+03    8.28489e+03    1.06716e+02    2.48171e+03
     Coulomb-14        LJ (SR)   Coulomb (SR)   Coul. recip.      Potential
    4.00394e+04    4.00005e+04   -4.87366e+05    4.86187e+03   -3.89522e+05
 Pressure (bar)
   -1.67853e+04

           Step           Time
            122      122.00000

   Energies (kJ/mol)
           Bond          Angle    Proper Dih.  Improper Dih.          LJ-14
    3.73010e+02    1.72210e+03    8.28434e+03    1.06728e+02    2.48078e+03
     Coulomb-14        LJ (SR)   Coulomb (SR)   Coul. recip.      Potential
    4.00356e+04    4.00325e+04   -4.87442e+05    4.85583e+03   -3.89551e+05
 Pressure (bar)
   -1.67882e+04

           Step           Time
            123      123.00000

   Energies (kJ/mol)
           Bond          Angle    Proper Dih.  Improper Dih.          LJ-14
    4.00630e+02    1.72250e+03    8.28449e+03    1.06690e+02    2.48029e+03
     Coulomb-14        LJ (SR)   Coulomb (SR)   Coul. recip.      Potential
    4.00376e+04    4.00480e+04   -4.87506e+05    4.85856e+03   -3.89567e+05
 Pressure (bar)
   -1.67914e+04

           Step           Time
            124      124.00000

   Energies (kJ/mol)
           Bond          Angle    Proper Dih.  Improper Dih.          LJ-14
    4.41952e+02    1.72953e+03    8.28381e+03    1.06713e+02    2.47929e+03
     Coulomb-14        LJ (SR)   Coulomb (SR)   Coul. recip.      Potential
    4.00327e+04    4.00832e+04   -4.87584e+05    4.85095e+03   -3.89575e+05
 Pressure (bar)
   -1.67942e+04

           Step           Time
            125      125.00000

           Step           Time
            126      126.00000

   Energies (kJ/mol)
           Bond          Angle    Proper Dih.  Improper Dih.          LJ-14
    3.08942e+02    1.71510e+03    8.28395e+03    1.06682e+02    2.47899e+03
     Coulomb-14        LJ (SR)   Coulomb (SR)   Coul. recip.      Potential
    4.00343e+04    4.00883e+04   -4.87613e+05    4.85290e+03   -3.89744e+05
 Pressure (bar)
   -1.67958e+04

           Step           Time
            127      127.00000

   Energies (kJ/mol)
           Bond          Angle    Proper Dih.  Improper Dih.          LJ-14
    5.04989e+02    1.73537e+03    8.28242e+03    1.06661e+02    2.47514e+03
     Coulomb-14        LJ (SR)   Coulomb (SR)   Coul. recip.      Potential
    4.00256e+04    4.02244e+04   -4.87984e+05    4.83771e+03   -3.89791e+05
 Pressure (bar)
   -1.68114e+04

           Step           Time
            128      128.00000

   Energies (kJ/mol)
           Bond          Angle    Proper Dih.  Improper Dih.          LJ-14
    3.29615e+02    1.71680e+03    8.28266e+03    1.06614e+02    2.47480e+03
     Coulomb-14        LJ (SR)   Coulomb (SR)   Coul. recip.      Potential
    4.00281e+04    4.02288e+04   -4.88018e+05    4.84127e+03   -3.90010e+05
 Pressure (bar)
   -1.68133e+04

           Step           Time
            129      129.00000

           Step           Time
            130      130.00000

   Energies (kJ/mol)
           Bond          Angle    Proper Dih.  Improper Dih.          LJ-14
    3.51133e+02    1.72033e+03    8.28217e+03    1.06619e+02    2.47392e+03
     Coulomb-14        LJ (SR)   Coulomb (SR)   Coul. recip.      Potential
    4.00250e+04    4.02605e+04   -4.88097e+05    4.83614e+03   -3.90041e+05
 Pressure (bar)
   -1.68164e+04

           Step           Time
            131      131.00000

   Energies (kJ/mol)
           Bond          Angle    Proper Dih.  Improper Dih.          LJ-14
    3.56629e+02    1.71921e+03    8.28223e+03    1.06589e+02    2.47345e+03
     Coulomb-14        LJ (SR)   Coulomb (SR)   Coul. recip.      Potential
    4.00263e+04    4.02764e+04   -4.88157e+05    4.83785e+03   -3.90078e+05
 Pressure (bar)
   -1.68192e+04

           Step           Time
            132      132.00000

   Energies (kJ/mol)
           Bond          Angle    Proper Dih.  Improper Dih.          LJ-14
    3.92123e+02    1.72485e+03    8.28165e+03    1.06603e+02    2.47253e+03
     Coulomb-14        LJ (SR)   Coulomb (SR)   Coul. recip.      Potential
    4.00223e+04    4.03099e+04   -4.88234e+05    4.83159e+03   -3.90093e+05
 Pressure (bar)
   -1.68222e+04

           Step           Time
            133      133.00000

   Energies (kJ/mol)
           Bond          Angle    Proper Dih.  Improper Dih.          LJ-14
    4.13764e+02    1.72440e+03    8.28183e+03    1.06566e+02    2.47215e+03
     Coulomb-14        LJ (SR)   Coulomb (SR)   Coul. recip.      Potential
    4.00246e+04    4.03232e+04   -4.88294e+05    4.83485e+03   -3.90112e+05
 Pressure (bar)
   -1.68252e+04

           Step           Time
            134      134.00000

           Step           Time
            135      135.00000

   Energies (kJ/mol)
           Bond          Angle    Proper Dih.  Improper Dih.          LJ-14
    3.11005e+02    1.71623e+03    8.28146e+03    1.06574e+02    2.47155e+03
     Coulomb-14        LJ (SR)   Coulomb (SR)   Coul. recip.      Potential
    4.00220e+04    4.03410e+04   -4.88332e+05    4.83043e+03   -3.90252e+05
 Pressure (bar)
   -1.68266e+04

           Step           Time
            136      136.00000

   Energies (kJ/mol)
           Bond          Angle    Proper Dih.  Improper Dih.          LJ-14
    4.75534e+02    1.72891e+03    8.28058e+03    1.06513e+02    2.46846e+03
     Coulomb-14        LJ (SR)   Coulomb (SR)   Coul. recip.      Potential
    4.00189e+04    4.04577e+04   -4.88676e+05    4.82379e+03   -3.90315e+05
 Pressure (bar)
   -1.68417e+04

           Step           Time
            137      137.00000

   Energies (kJ/mol)
           Bond          Angle    Proper Dih.  Improper Dih.          LJ-14
    3.25676e+02    1.71813e+03    8.28008e+03    1.06526e+02    2.46764e+03
     Coulomb-14        LJ (SR)   Coulomb (SR)   Coul. recip.      Potential
    4.00152e+04    4.04801e+04   -4.88722e+05    4.81805e+03   -3.90511e+05
 Pressure (bar)
   -1.68433e+04

           Step           Time
            138      138.00000

           Step           Time
            139      139.00000

   Energies (kJ/mol)
           Bond          Angle    Proper Dih.  Improper Dih.          LJ-14
    3.48899e+02    1.71882e+03    8.28001e+03    1.06503e+02    2.46705e+03
     Coulomb-14        LJ (SR)   Coulomb (SR)   Coul. recip.      Potential
    4.00157e+04    4.05033e+04   -4.88799e+05    4.81844e+03   -3.90540e+05
 Pressure (bar)
   -1.68468e+04

           Step           Time
            140      140.00000

   Energies (kJ/mol)
           Bond          Angle    Proper Dih.  Improper Dih.          LJ-14
    3.45055e+02    1.72039e+03    8.27955e+03    1.06512e+02    2.46628e+03
     Coulomb-14        LJ (SR)   Coulomb (SR)   Coul. recip.      Potential
    4.00126e+04    4.05304e+04   -4.88862e+05    4.81355e+03   -3.90588e+05
 Pressure (bar)
   -1.68492e+04

           Step           Time
            141      141.00000

   Energies (kJ/mol)
           Bond          Angle    Proper Dih.  Improper Dih.          LJ-14
    3.86728e+02    1.72218e+03    8.27960e+03    1.06485e+02    2.46582e+03
     Coulomb-14        LJ (SR)   Coulomb (SR)   Coul. recip.      Potential
    4.00140e+04    4.05500e+04   -4.88933e+05    4.81529e+03   -3.90593e+05
 Pressure (bar)
   -1.68526e+04

           Step           Time
            142      142.00000

   Energies (kJ/mol)
           Bond          Angle    Proper Dih.  Improper Dih.          LJ-14
    3.86899e+02    1.72499e+03    8.27902e+03    1.06503e+02    2.46495e+03
     Coulomb-14        LJ (SR)   Coulomb (SR)   Coul. recip.      Potential
    4.00099e+04    4.05806e+04   -4.89000e+05    4.80899e+03   -3.90638e+05
 Pressure (bar)
   -1.68551e+04

           Step           Time
            143      143.00000

           Step           Time
            144      144.00000

   Energies (kJ/mol)
           Bond          Angle    Proper Dih.  Improper Dih.          LJ-14
    3.14030e+02    1.71646e+03    8.27911e+03    1.06481e+02    2.46472e+03
     Coulomb-14        LJ (SR)   Coulomb (SR)   Coul. recip.      Potential
    4.00112e+04    4.05877e+04   -4.89032e+05    4.81049e+03   -3.90742e+05
 Pressure (bar)
   -1.68567e+04

           Step           Time
            145      145.00000

   Energies (kJ/mol)
           Bond          Angle    Proper Dih.  Improper Dih.          LJ-14
    4.26669e+02    1.72888e+03    8.27816e+03    1.06482e+02    2.46270e+03
     Coulomb-14        LJ (SR)   Coulomb (SR)   Coul. recip.      Potential
    4.00058e+04    4.06663e+04   -4.89237e+05    4.80145e+03   -3.90761e+05
 Pressure (bar)
   -1.68652e+04

           Step           Time
            146      146.00000

   Energies (kJ/mol)
           Bond          Angle    Proper Dih.  Improper Dih.          LJ-14
    3.31345e+02    1.71778e+03    8.27832e+03    1.06451e+02    2.46245e+03
     Coulomb-14        LJ (SR)   Coulomb (SR)   Coul. recip.      Potential
    4.00078e+04    4.06732e+04   -4.89274e+05    4.80412e+03   -3.90893e+05
 Pressure (bar)
   -1.68671e+04

           Step           Time
            147      147.00000

           Step           Time
            148      148.00000

   Energies (kJ/mol)
           Bond          Angle    Proper Dih.  Improper Dih.          LJ-14
    3.32857e+02    1.71922e+03    8.27791e+03    1.06458e+02    2.46175e+03
     Coulomb-14        LJ (SR)   Coulomb (SR)   Coul. recip.      Potential
    4.00052e+04    4.06993e+04   -4.89337e+05    4.79994e+03   -3.90934e+05
 Pressure (bar)
   -1.68696e+04

           Step           Time
            149      149.00000

   Energies (kJ/mol)
           Bond          Angle    Proper Dih.  Improper Dih.          LJ-14
    3.52353e+02    1.71950e+03    8.27789e+03    1.06436e+02    2.46126e+03
     Coulomb-14        LJ (SR)   Coulomb (SR)   Coul. recip.      Potential
    4.00061e+04    4.07195e+04   -4.89406e+05    4.80082e+03   -3.90962e+05
 Pressure (bar)
   -1.68728e+04

           Step           Time
            150      150.00000

   Energies (kJ/mol)
           Bond          Angle    Proper Dih.  Improper Dih.          LJ-14
    3.57271e+02    1.72197e+03    8.27740e+03    1.06449e+02    2.46048e+03
     Coulomb-14        LJ (SR)   Coulomb (SR)   Coul. recip.      Potential
    4.00028e+04    4.07482e+04   -4.89471e+05    4.79564e+03   -3.91001e+05
 Pressure (bar)
   -1.68753e+04

           Step           Time
            151      151.00000

   Energies (kJ/mol)
           Bond          Angle    Proper Dih.  Improper Dih.          LJ-14
    3.94730e+02    1.72320e+03    8.27749e+03    1.06422e+02    2.46012e+03
     Coulomb-14        LJ (SR)   Coulomb (SR)   Coul. recip.      Potential
    4.00045e+04    4.07653e+04   -4.89536e+05    4.79790e+03   -3.91006e+05
 Pressure (bar)
   -1.68784e+04

           Step           Time
            152      152.00000

   Energies (kJ/mol)
           Bond          Angle    Proper Dih.  Improper Dih.          LJ-14
    4.08871e+02    1.72758e+03    8.27687e+03    1.06443e+02    2.45924e+03
     Coulomb-14        LJ (SR)   Coulomb (SR)   Coul. recip.      Potential
    4.00001e+04    4.07975e+04   -4.89604e+05    4.79125e+03   -3.91036e+05
 Pressure (bar)
   -1.68810e+04

           Step           Time
            153      153.00000

           Step           Time
            154      154.00000

   Energies (kJ/mol)
           Bond          Angle    Proper Dih.  Improper Dih.          LJ-14
    3.14633e+02    1.71681e+03    8.27699e+03    1.06421e+02    2.45904e+03
     Coulomb-14        LJ (SR)   Coulomb (SR)   Coul. recip.      Potential
    4.00016e+04    4.08034e+04   -4.89634e+05    4.79296e+03   -3.91163e+05
 Pressure (bar)
   -1.68825e+04

           Step           Time
            155      155.00000

   Energies (kJ/mol)
           Bond          Angle    Proper Dih.  Improper Dih.          LJ-14
    4.57239e+02    1.73212e+03    8.27586e+03    1.06424e+02    2.45672e+03
     Coulomb-14        LJ (SR)   Coulomb (SR)   Coul. recip.      Potential
    3.99954e+04    4.08981e+04   -4.89880e+05    4.78262e+03   -3.91175e+05
 Pressure (bar)
   -1.68927e+04

           Step           Time
            156      156.00000

   Energies (kJ/mol)
           Bond          Angle    Proper Dih.  Improper Dih.          LJ-14
    3.32996e+02    1.71810e+03    8.27606e+03    1.06392e+02    2.45651e+03
     Coulomb-14        LJ (SR)   Coulomb (SR)   Coul. recip.      Potential
    3.99978e+04    4.09034e+04   -4.89914e+05    4.78565e+03   -3.91337e+05
 Pressure (bar)
   -1.68946e+04

           Step           Time
            157      157.00000

           Step           Time
            158      158.00000

   Energies (kJ/mol)
           Bond          Angle    Proper Dih.  Improper Dih.          LJ-14
    3.41829e+02    1.72038e+03    8.27562e+03    1.06400e+02    2.45579e+03
     Coulomb-14        LJ (SR)   Coulomb (SR)   Coul. recip.      Potential
    3.99950e+04    4.09315e+04   -4.89981e+05    4.78127e+03   -3.91373e+05
 Pressure (bar)
   -1.68972e+04

           Step           Time
            159      159.00000

   Energies (kJ/mol)
           Bond          Angle    Proper Dih.  Improper Dih.          LJ-14
    3.56061e+02    1.71999e+03    8.27564e+03    1.06378e+02    2.45541e+03
     Coulomb-14        LJ (SR)   Coulomb (SR)   Coul. recip.      Potential
    3.99962e+04    4.09491e+04   -4.90042e+05    4.78259e+03   -3.91400e+05
 Pressure (bar)
   -1.69001e+04

           Step           Time
            160      160.00000

   Energies (kJ/mol)
           Bond          Angle    Proper Dih.  Improper Dih.          LJ-14
    3.72292e+02    1.72376e+03    8.27511e+03    1.06392e+02    2.45461e+03
     Coulomb-14        LJ (SR)   Coulomb (SR)   Coul. recip.      Potential
    3.99926e+04    4.09795e+04   -4.90110e+05    4.77715e+03   -3.91428e+05
 Pressure (bar)
   -1.69027e+04

           Step           Time
            161      161.00000

   Energies (kJ/mol)
           Bond          Angle    Proper Dih.  Improper Dih.          LJ-14
    4.03553e+02    1.72415e+03    8.27525e+03    1.06365e+02    2.45434e+03
     Coulomb-14        LJ (SR)   Coulomb (SR)   Coul. recip.      Potential
    3.99948e+04    4.09943e+04   -4.90169e+05    4.77991e+03   -3.91436e+05
 Pressure (bar)
   -1.69056e+04

           Step           Time
            162      162.00000

   Energies (kJ/mol)
           Bond          Angle    Proper Dih.  Improper Dih.          LJ-14
    4.35634e+02    1.73062e+03    8.27459e+03    1.06389e+02    2.45344e+03
     Coulomb-14        LJ (SR)   Coulomb (SR)   Coul. recip.      Potential
    3.99900e+04    4.10282e+04   -4.90240e+05    4.77294e+03   -3.91448e+05
 Pressure (bar)
   -1.69082e+04

           Step           Time
            163      163.00000

           Step           Time
            164      164.00000

   Energies (kJ/mol)
           Bond          Angle    Proper Dih.  Improper Dih.          LJ-14
    3.15293e+02    1.71710e+03    8.27473e+03    1.06365e+02    2.45328e+03
     Coulomb-14        LJ (SR)   Coulomb (SR)   Coul. recip.      Potential
    3.99918e+04    4.10328e+04   -4.90266e+05    4.77489e+03   -3.91600e+05
 Pressure (bar)
   -1.69097e+04

           Step           Time
            165      165.00000

   Energies (kJ/mol)
           Bond          Angle    Proper Dih.  Improper Dih.          LJ-14
    4.94156e+02    1.73581e+03    8.27337e+03    1.06370e+02    2.45052e+03
     Coulomb-14        LJ (SR)   Coulomb (SR)   Coul. recip.      Potential
    3.99845e+04    4.11509e+04   -4.90571e+05    4.76268e+03   -3.91612e+05
 Pressure (bar)
   -1.69224e+04

           Step           Time
            166      166.00000

   Energies (kJ/mol)
           Bond          Angle    Proper Dih.  Improper Dih.          LJ-14
    3.34803e+02    1.71833e+03    8.27360e+03    1.06334e+02    2.45035e+03
     Coulomb-14        LJ (SR)   Coulomb (SR)   Coul. recip.      Potential
    3.99872e+04    4.11546e+04   -4.90602e+05    4.76613e+03   -3.91810e+05
 Pressure (bar)
   -1.69241e+04

           Step           Time
            167      167.00000

           Step           Time
            168      168.00000

   Energies (kJ/mol)
           Bond          Angle    Proper Dih.  Improper Dih.          LJ-14
    3.52755e+02    1.72165e+03    8.27313e+03    1.06343e+02    2.44961e+03
     Coulomb-14        LJ (SR)   Coulomb (SR)   Coul. recip.      Potential
    3.99842e+04    4.11847e+04   -4.90672e+05    4.76148e+03   -3.91838e+05
 Pressure (bar)
   -1.69269e+04

           Step           Time
            169      169.00000

   Energies (kJ/mol)
           Bond          Angle    Proper Dih.  Improper Dih.          LJ-14
    3.60177e+02    1.72045e+03    8.27318e+03    1.06320e+02    2.44932e+03
     Coulomb-14        LJ (SR)   Coulomb (SR)   Coul. recip.      Potential
    3.99857e+04    4.12000e+04   -4.90727e+05    4.76325e+03   -3.91869e+05
 Pressure (bar)
   -1.69296e+04

           Step           Time
            170      170.00000

   Energies (kJ/mol)
           Bond          Angle    Proper Dih.  Improper Dih.          LJ-14
    3.90453e+02    1.72581e+03    8.27262e+03    1.06335e+02    2.44850e+03
     Coulomb-14        LJ (SR)   Coulomb (SR)   Coul. recip.      Potential
    3.99818e+04    4.12321e+04   -4.90798e+05    4.75752e+03   -3.91883e+05
 Pressure (bar)
   -1.69322e+04

           Step           Time
            171      171.00000

   Energies (kJ/mol)
           Bond          Angle    Proper Dih.  Improper Dih.          LJ-14
    4.13536e+02    1.72516e+03    8.27281e+03    1.06306e+02    2.44833e+03
     Coulomb-14        LJ (SR)   Coulomb (SR)   Coul. recip.      Potential
    3.99845e+04    4.12446e+04   -4.90852e+05    4.76079e+03   -3.91896e+05
 Pressure (bar)
   -1.69350e+04

           Step           Time
            172      172.00000

           Step           Time
            173      173.00000

   Energies (kJ/mol)
           Bond          Angle    Proper Dih.  Improper Dih.          LJ-14
    3.16356e+02    1.71764e+03    8.27244e+03    1.06313e+02    2.44778e+03
     Coulomb-14        LJ (SR)   Coulomb (SR)   Coul. recip.      Potential
    3.99819e+04    4.12618e+04   -4.90887e+05    4.75674e+03   -3.92026e+05
 Pressure (bar)
   -1.69363e+04

           Step           Time
            174      174.00000

   Energies (kJ/mol)
           Bond          Angle    Proper Dih.  Improper Dih.          LJ-14
    4.70466e+02    1.72898e+03    8.27152e+03    1.06264e+02    2.44528e+03
     Coulomb-14        LJ (SR)   Coulomb (SR)   Coul. recip.      Potential
    3.99794e+04    4.13812e+04   -4.91221e+05    4.75075e+03   -3.92087e+05
 Pressure (bar)
   -1.69510e+04

           Step           Time
            175      175.00000

   Energies (kJ/mol)
           Bond          Angle    Proper Dih.  Improper Dih.          LJ-14
    3.29600e+02    1.71918e+03    8.27103e+03    1.06276e+02    2.44450e+03
     Coulomb-14        LJ (SR)   Coulomb (SR)   Coul. recip.      Potential
    3.99757e+04    4.14029e+04   -4.91264e+05    4.74544e+03   -3.92269e+05
 Pressure (bar)
   -1.69524e+04

           Step           Time
            176      176.00000

           Step           Time
            177      177.00000

   Energies (kJ/mol)
           Bond          Angle    Proper Dih.  Improper Dih.          LJ-14
    3.52241e+02    1.71966e+03    8.27097e+03    1.06257e+02    2.44409e+03
     Coulomb-14        LJ (SR)   Coulomb (SR)   Coul. recip.      Potential
    3.99764e+04    4.14252e+04   -4.91334e+05    4.74597e+03   -3.92294e+05
 Pressure (bar)
   -1.69557e+04

           Step           Time
            178      178.00000

   Energies (kJ/mol)
           Bond          Angle    Proper Dih.  Improper Dih.          LJ-14
    3.47300e+02    1.72125e+03    8.27052e+03    1.06264e+02    2.44341e+03
     Coulomb-14        LJ (SR)   Coulomb (SR)   Coul. recip.      Potential
    3.99734e+04    4.14512e+04   -4.91392e+05    4.74152e+03   -3.92337e+05
 Pressure (bar)
   -1.69579e+04

           Step           Time
            179      179.00000

   Energies (kJ/mol)
           Bond          Angle    Proper Dih.  Improper Dih.          LJ-14
    3.87264e+02    1.72268e+03    8.27057e+03    1.06240e+02    2.44313e+03
     Coulomb-14        LJ (SR)   Coulomb (SR)   Coul. recip.      Potential
    3.99751e+04    4.14698e+04   -4.91456e+05    4.74333e+03   -3.92338e+05
 Pressure (bar)
   -1.69610e+04

           Step           Time
            180      180.00000

   Energies (kJ/mol)
           Bond          Angle    Proper Dih.  Improper Dih.          LJ-14
    3.85676e+02    1.72552e+03    8.27000e+03    1.06255e+02    2.44234e+03
     Coulomb-14        LJ (SR)   Coulomb (SR)   Coul. recip.      Potential
    3.99711e+04    4.14992e+04   -4.91517e+05    4.73752e+03   -3.92380e+05
 Pressure (bar)
   -1.69633e+04

           Step           Time
            181      181.00000

           Step           Time
            182      182.00000

   Energies (kJ/mol)
           Bond          Angle    Proper Dih.  Improper Dih.          LJ-14
    3.19377e+02    1.71744e+03    8.27009e+03    1.06236e+02    2.44220e+03
     Coulomb-14        LJ (SR)   Coulomb (SR)   Coul. recip.      Potential
    3.99725e+04    4.15058e+04   -4.91547e+05    4.73903e+03   -3.92474e+05
 Pressure (bar)
   -1.69648e+04

           Step           Time
            183      183.00000

   Energies (kJ/mol)
           Bond          Angle    Proper Dih.  Improper Dih.          LJ-14
    4.22206e+02    1.72906e+03    8.26919e+03    1.06232e+02    2.44057e+03
     Coulomb-14        LJ (SR)   Coulomb (SR)   Coul. recip.      Potential
    3.99676e+04    4.15793e+04   -4.91730e+05    4.73111e+03   -3.92484e+05
 Pressure (bar)
   -1.69724e+04

           Step           Time
            184      184.00000

   Energies (kJ/mol)
           Bond          Angle    Proper Dih.  Improper Dih.          LJ-14
    3.35342e+02    1.71851e+03    8.26935e+03    1.06204e+02    2.44045e+03
     Coulomb-14        LJ (SR)   Coulomb (SR)   Coul. recip.      Potential
    3.99698e+04    4.15855e+04   -4.91762e+05    4.73368e+03   -3.92604e+05
 Pressure (bar)
   -1.69742e+04

           Step           Time
            185      185.00000

           Step           Time
            186      186.00000

   Energies (kJ/mol)
           Bond          Angle    Proper Dih.  Improper Dih.          LJ-14
    3.36204e+02    1.71998e+03    8.26896e+03    1.06207e+02    2.43984e+03
     Coulomb-14        LJ (SR)   Coulomb (SR)   Coul. recip.      Potential
    3.99673e+04    4.16103e+04   -4.91820e+05    4.72991e+03   -3.92641e+05
 Pressure (bar)
   -1.69764e+04

           Step           Time
            187      187.00000

   Energies (kJ/mol)
           Bond          Angle    Proper Dih.  Improper Dih.          LJ-14
    3.54631e+02    1.72000e+03    8.26894e+03    1.06185e+02    2.43951e+03
     Coulomb-14        LJ (SR)   Coulomb (SR)   Coul. recip.      Potential
    3.99684e+04    4.16294e+04   -4.91882e+05    4.73087e+03   -3.92664e+05
 Pressure (bar)
   -1.69794e+04

           Step           Time
            188      188.00000

   Energies (kJ/mol)
           Bond          Angle    Proper Dih.  Improper Dih.          LJ-14
    3.58568e+02    1.72252e+03    8.26847e+03    1.06192e+02    2.43881e+03
     Coulomb-14        LJ (SR)   Coulomb (SR)   Coul. recip.      Potential
    3.99651e+04    4.16569e+04   -4.91942e+05    4.72613e+03   -3.92699e+05
 Pressure (bar)
   -1.69817e+04

           Step           Time
            189      189.00000

   Energies (kJ/mol)
           Bond          Angle    Proper Dih.  Improper Dih.          LJ-14
    3.93472e+02    1.72331e+03    8.26856e+03    1.06164e+02    2.43861e+03
     Coulomb-14        LJ (SR)   Coulomb (SR)   Coul. recip.      Potential
    3.99671e+04    4.16728e+04   -4.92000e+05    4.72839e+03   -3.92702e+05
 Pressure (bar)
   -1.69845e+04

           Step           Time
            190      190.00000

   Energies (kJ/mol)
           Bond          Angle    Proper Dih.  Improper Dih.          LJ-14
    4.05875e+02    1.72774e+03    8.26796e+03    1.06179e+02    2.43780e+03
     Coulomb-14        LJ (SR)   Coulomb (SR)   Coul. recip.      Potential
    3.99628e+04    4.17036e+04   -4.92063e+05    4.72227e+03   -3.92729e+05
 Pressure (bar)
   -1.69868e+04

           Step           Time
            191      191.00000

           Step           Time
            192      192.00000

   Energies (kJ/mol)
           Bond          Angle    Proper Dih.  Improper Dih.          LJ-14
    3.19633e+02    1.71755e+03    8.26807e+03    1.06158e+02    2.43769e+03
     Coulomb-14        LJ (SR)   Coulomb (SR)   Coul. recip.      Potential
    3.99645e+04    4.17089e+04   -4.92090e+05    4.72397e+03   -3.92844e+05
 Pressure (bar)
   -1.69883e+04

           Step           Time
            193      193.00000

   Energies (kJ/mol)
           Bond          Angle    Proper Dih.  Improper Dih.          LJ-14
    4.50148e+02    1.73184e+03    8.26699e+03    1.06144e+02    2.43578e+03
     Coulomb-14        LJ (SR)   Coulomb (SR)   Coul. recip.      Potential
    3.99588e+04    4.17984e+04   -4.92313e+05    4.71479e+03   -3.92850e+05
 Pressure (bar)
   -1.69976e+04

           Step           Time
            194      194.00000

   Energies (kJ/mol)
           Bond          Angle    Proper Dih.  Improper Dih.          LJ-14
    3.36284e+02    1.71857e+03    8.26718e+03    1.06113e+02    2.43568e+03
     Coulomb-14        LJ (SR)   Coulomb (SR)   Coul. recip.      Potential
    3.99613e+04    4.18030e+04   -4.92343e+05    4.71771e+03   -3.92997e+05
 Pressure (bar)
   -1.69993e+04

           Step           Time
            195      195.00000

           Step           Time
            196      196.00000

   Energies (kJ/mol)
           Bond          Angle    Proper Dih.  Improper Dih.          LJ-14
    3.44478e+02    1.72088e+03    8.26676e+03    1.06114e+02    2.43505e+03
     Coulomb-14        LJ (SR)   Coulomb (SR)   Coul. recip.      Potential
    3.99586e+04    4.18297e+04   -4.92404e+05    4.71370e+03   -3.93029e+05
 Pressure (bar)
   -1.70017e+04

           Step           Time
            197      197.00000

   Energies (kJ/mol)
           Bond          Angle    Proper Dih.  Improper Dih.          LJ-14
    3.57200e+02    1.72021e+03    8.26678e+03    1.06089e+02    2.43480e+03
     Coulomb-14        LJ (SR)   Coulomb (SR)   Coul. recip.      Potential
    3.99600e+04    4.18459e+04   -4.92459e+05    4.71508e+03   -3.93053e+05
 Pressure (bar)
   -1.70044e+04

           Step           Time
            198      198.00000

   Energies (kJ/mol)
           Bond          Angle    Proper Dih.  Improper Dih.          LJ-14
    3.72390e+02    1.72402e+03    8.26627e+03    1.06094e+02    2.43408e+03
     Coulomb-14        LJ (SR)   Coulomb (SR)   Coul. recip.      Potential
    3.99565e+04    4.18749e+04   -4.92522e+05    4.71008e+03   -3.93078e+05
 Pressure (bar)
   -1.70068e+04

           Step           Time
            199      199.00000

   Energies (kJ/mol)
           Bond          Angle    Proper Dih.  Improper Dih.          LJ-14
    4.00264e+02    1.72391e+03    8.26641e+03    1.06064e+02    2.43395e+03
     Coulomb-14        LJ (SR)   Coulomb (SR)   Coul. recip.      Potential
    3.99589e+04    4.18883e+04   -4.92575e+05    4.71281e+03   -3.93084e+05
 Pressure (bar)
   -1.70094e+04

           Step           Time
            200      200.00000

   Energies (kJ/mol)
           Bond          Angle    Proper Dih.  Improper Dih.          LJ-14
    4.30337e+02    1.73038e+03    8.26577e+03    1.06078e+02    2.43312e+03
     Coulomb-14        LJ (SR)   Coulomb (SR)   Coul. recip.      Potential
    3.99542e+04    4.19206e+04   -4.92640e+05    4.70634e+03   -3.93093e+05
 Pressure (bar)
   -1.70118e+04


Energy minimization reached the maximum number of steps before the forces
reached the requested precision Fmax < 10.

Steepest Descents did not converge to Fmax < 10 in 201 steps.
Potential Energy  = -3.9309266e+05
Maximum force     =  1.2033430e+04 on atom 647
Norm of force     =  1.1889752e+02
Finished mdrun on rank 0 Sat Mar 31 03:10:54 2018
